<<<<<<< HEAD
This is e-pTeX, Version 3.141592653-p4.1.0-230214-2.6 (utf8.euc) (TeX Live 2023) (preloaded format=platex 2023.12.21)  15 OCT 2024 19:02
=======
This is e-pTeX, Version 3.141592653-p4.1.0-230214-2.6 (utf8.euc) (TeX Live 2023) (preloaded format=platex 2023.12.21)  11 OCT 2024 16:58
>>>>>>> main
entering extended mode
 restricted \write18 enabled.
 %&-line parsing enabled.
**

! Emergency stop.
<*> 
    
End of file on the terminal!

 
Here is how much of TeX's memory you used:
 3 strings out of 476693
<<<<<<< HEAD
 26 string characters out of 5805372
=======
 15 string characters out of 5805372
>>>>>>> main
 1842209 words of memory out of 5000000
 20558 multiletter control sequences out of 15000+600000
 516158 words of font info for 49 fonts, out of 8000000 for 9000
 929 hyphenation exceptions out of 8191
<<<<<<< HEAD
 0i,0n,0p,25b,6s stack positions out of 10000i,1000n,20000p,200000b,200000s
=======
 0i,0n,0p,12b,6s stack positions out of 10000i,1000n,20000p,200000b,200000s
>>>>>>> main
No pages of output.
