INFO:  latexindent version 3.20.3, 2023-02-19, a script to indent .tex files
       latexindent lives here: /usr/local/texlive/2023/texmf-dist/scripts/latexindent/
       Tue Oct 15 19:06:09 2024
       Reading input from STDIN
INFO:  Processing switches:
       -w|--overwrite: Overwrite mode active, will make a back up before overwriting
INFO:  Directory for backup files and indent.log:
       .
INFO:  YAML settings read: defaultSettings.yaml
       Reading defaultSettings.yaml from /usr/local/texlive/2023/texmf-dist/scripts/latexindent/defaultSettings.yaml
INFO:  YAML reading settings
       Home directory is /Users/kaoriarai
       latexindent.pl didn't find indentconfig.yaml or .indentconfig.yaml
       see all possible locations: https://latexindentpl.readthedocs.io/en/latest/sec-appendices.html#indentconfig-options)
INFO:  Backup procedure (-w flag active):
       copying - to ./-.bak0
       Backup file: ./-.bak0
       - will be overwritten after indentation
FATAL Could not write to backup file ./-.bak0. Please check permissions.
      Exiting, no indentation done.
       --------------
INFO:  Please direct all communication/issues to:
        https://github.com/cmhughes/latexindent.pl
