This is pdfTeX, Version 3.141592653-2.6-1.40.25 (TeX Live 2023) (preloaded format=pdflatex 2023.12.21)  11 OCT 2024 17:15
entering extended mode
 restricted \write18 enabled.
 file:line:error style messages enabled.
 %&-line parsing enabled.
**/Users/kaoriarai/TeX-notes/main/main.tex
(/Users/kaoriarai/TeX-notes/main/main.tex
LaTeX2e <2022-11-01> patch level 1
L3 programming layer <2023-02-22> (/usr/local/texlive/2023/texmf-dist/tex/platex/base/jreport.cls

/usr/local/texlive/2023/texmf-dist/tex/platex/base/jreport.cls:16: LaTeX Error: This file needs format `pLaTeX2e'
               but this is `LaTeX2e'.

See the LaTeX manual or LaTeX Companion for explanation.
Type  H <return>  for immediate help.
 ...                                              
                                                  
l.16 \NeedsTeXFormat{pLaTeX2e}
                              
The current input file will not be processed further,
because it was written for some other flavor of TeX.
You're in trouble here.  Try typing  <return>  to proceed.
If that doesn't work, type  X <return>  to quit.

) (/usr/local/texlive/2023/texmf-dist/tex/latex/comment/comment.sty
\CommentStream=\write3
 Excluding comment 'comment') (/usr/local/texlive/2023/texmf-dist/tex/latex/float/float.sty
Package: float 2001/11/08 v1.3d Float enhancements (AL)
\c@float@type=\count185
\float@exts=\toks16
\float@box=\box51
\@float@everytoks=\toks17
\@floatcapt=\box52
) (/usr/local/texlive/2023/texmf-dist/tex/latex/graphics/color.sty
Package: color 2022/01/06 v1.3d Standard LaTeX Color (DPC)
 (/usr/local/texlive/2023/texmf-dist/tex/latex/graphics-cfg/color.cfg
File: color.cfg 2016/01/02 v1.6 sample color configuration
)
Package color Info: Driver file: pdftex.def on input line 149.
 (/usr/local/texlive/2023/texmf-dist/tex/latex/graphics-def/pdftex.def
File: pdftex.def 2022/09/22 v1.2b Graphics/color driver for pdftex
) (/usr/local/texlive/2023/texmf-dist/tex/latex/graphics/mathcolor.ltx)) (/usr/local/texlive/2023/texmf-dist/tex/latex/tools/multicol.sty
Package: multicol 2021/11/30 v1.9d multicolumn formatting (FMi)
\c@tracingmulticols=\count186
\mult@box=\box53
\multicol@leftmargin=\dimen140
\c@unbalance=\count187
\c@collectmore=\count188
\doublecol@number=\count189
\multicoltolerance=\count190
\multicolpretolerance=\count191
\full@width=\dimen141
\page@free=\dimen142
\premulticols=\dimen143
\postmulticols=\dimen144
\multicolsep=\skip48
\multicolbaselineskip=\skip49
\partial@page=\box54
\last@line=\box55
\maxbalancingoverflow=\dimen145
\mult@rightbox=\box56
\mult@grightbox=\box57
\mult@firstbox=\box58
\mult@gfirstbox=\box59
\@tempa=\box60
\@tempa=\box61
\@tempa=\box62
\@tempa=\box63
\@tempa=\box64
\@tempa=\box65
\@tempa=\box66
\@tempa=\box67
\@tempa=\box68
\@tempa=\box69
\@tempa=\box70
\@tempa=\box71
\@tempa=\box72
\@tempa=\box73
\@tempa=\box74
\@tempa=\box75
\@tempa=\box76
\@tempa=\box77
\@tempa=\box78
\@tempa=\box79
\@tempa=\box80
\@tempa=\box81
\@tempa=\box82
\@tempa=\box83
\@tempa=\box84
\@tempa=\box85
\@tempa=\box86
\@tempa=\box87
\@tempa=\box88
\@tempa=\box89
\@tempa=\box90
\@tempa=\box91
\@tempa=\box92
\@tempa=\box93
\@tempa=\box94
\@tempa=\box95
\c@minrows=\count192
\c@columnbadness=\count193
\c@finalcolumnbadness=\count194
\last@try=\dimen146
\multicolovershoot=\dimen147
\multicolundershoot=\dimen148
\mult@nat@firstbox=\box96
\colbreak@box=\box97
\mc@col@check@num=\count195
) (/usr/local/texlive/2023/texmf-dist/tex/latex/pict2e/pict2e.sty
Package: pict2e 2020/09/30 v0.4b Improved picture commands (HjG,RN,JT)
 (/usr/local/texlive/2023/texmf-dist/tex/latex/pict2e/pict2e.cfg
File: pict2e.cfg 2016/02/05 v0.1u pict2e configuration for teTeX/TeXLive
)
Package pict2e Info: Driver file: dvipdfmx.def on input line 112.
 (/usr/local/texlive/2023/texmf-dist/tex/latex/graphics-def/dvipdfmx.def
File: dvipdfmx.def 2022/09/22 v5.0m Graphics/color driver for dvipdfmx
)
Package pict2e Info: Driver file for pict2e: p2e-dvipdfmx.def on input line 114.
 (/usr/local/texlive/2023/texmf-dist/tex/latex/pict2e/p2e-dvipdfmx.def
File: p2e-dvipdfmx.def 2016/02/05 v0.1u Driver-dependant file (RN,HjG,JT)
) (/usr/local/texlive/2023/texmf-dist/tex/latex/graphics/trig.sty
Package: trig 2021/08/11 v1.11 sin cos tan (DPC)
)
\pIIe@GRAPH=\toks18
\@arclen=\dimen149
\@arcrad=\dimen150
\pIIe@tempdima=\dimen151
\pIIe@tempdimb=\dimen152
\pIIe@tempdimc=\dimen153
\pIIe@tempdimd=\dimen154
\pIIe@tempdime=\dimen155
\pIIe@tempdimf=\dimen156
) (/usr/local/texlive/2023/texmf-dist/tex/latex/wrapfig/wrapfig.sty
\wrapoverhang=\dimen157
\WF@size=\dimen158
\c@WF@wrappedlines=\count196
\WF@box=\box98
\WF@everypar=\toks19
Package: wrapfig 2003/01/31  v 3.6
) (/usr/local/texlive/2023/texmf-dist/tex/latex/graphics/graphicx.sty
Package: graphicx 2021/09/16 v1.2d Enhanced LaTeX Graphics (DPC,SPQR)
 (/usr/local/texlive/2023/texmf-dist/tex/latex/graphics/keyval.sty
Package: keyval 2022/05/29 v1.15 key=value parser (DPC)
\KV@toks@=\toks20
) (/usr/local/texlive/2023/texmf-dist/tex/latex/graphics/graphics.sty
Package: graphics 2022/03/10 v1.4e Standard LaTeX Graphics (DPC,SPQR)
 (/usr/local/texlive/2023/texmf-dist/tex/latex/graphics-cfg/graphics.cfg
File: graphics.cfg 2016/06/04 v1.11 sample graphics configuration
)
Package graphics Info: Driver file: pdftex.def on input line 107.
)
\Gin@req@height=\dimen159
\Gin@req@width=\dimen160
) (/usr/local/texlive/2023/texmf-dist/tex/latex/tools/bm.sty
Package: bm 2022/01/05 v1.2f Bold Symbol Support (DPC/FMi)
\symboldoperators=\mathgroup4
\symboldletters=\mathgroup5
\symboldsymbols=\mathgroup6
Package bm Info: No bold for \OMX/cmex/m/n, using \pmb.
LaTeX Font Info:    Redeclaring math alphabet \mathbf on input line 149.
) (/usr/local/texlive/2023/texmf-dist/tex/latex/url/url.sty
\Urlmuskip=\muskip16
Package: url 2013/09/16  ver 3.4  Verb mode for urls, etc.
) (/usr/local/texlive/2023/texmf-dist/tex/latex/underscore/underscore.sty
Package: underscore 2006/09/13
LaTeX Info: Redefining \_ on input line 42.
) (/usr/local/texlive/2023/texmf-dist/tex/latex/colortbl/colortbl.sty
Package: colortbl 2022/06/20 v1.0f Color table columns (DPC)
 (/usr/local/texlive/2023/texmf-dist/tex/latex/tools/array.sty
Package: array 2022/09/04 v2.5g Tabular extension package (FMi)
\col@sep=\dimen161
\ar@mcellbox=\box99
\extrarowheight=\dimen162
\NC@list=\toks21
\extratabsurround=\skip50
\backup@length=\skip51
\ar@cellbox=\box100
)
\everycr=\toks22
\minrowclearance=\skip52
\rownum=\count197
) (/usr/local/texlive/2023/texmf-dist/tex/latex/tools/tabularx.sty
Package: tabularx 2020/01/15 v2.11c `tabularx' package (DPC)
\TX@col@width=\dimen163
\TX@old@table=\dimen164
\TX@old@col=\dimen165
\TX@target=\dimen166
\TX@delta=\dimen167
\TX@cols=\count198
\TX@ftn=\toks23
) (/usr/local/texlive/2023/texmf-dist/tex/latex/fancyhdr/fancyhdr.sty
Package: fancyhdr 2022/11/09 v4.1 Extensive control of page headers and footers
\f@nch@headwidth=\skip53
\f@nch@O@elh=\skip54
\f@nch@O@erh=\skip55
\f@nch@O@olh=\skip56
\f@nch@O@orh=\skip57
\f@nch@O@elf=\skip58
\f@nch@O@erf=\skip59
\f@nch@O@olf=\skip60
\f@nch@O@orf=\skip61
) (/usr/local/texlive/2023/texmf-dist/tex/generic/ulem/ulem.sty
\UL@box=\box101
\UL@hyphenbox=\box102
\UL@skip=\skip62
\UL@hook=\toks24
\UL@height=\dimen168
\UL@pe=\count199
\UL@pixel=\dimen169
\ULC@box=\box103
Package: ulem 2019/11/18
\ULdepth=\dimen170
) (/usr/local/texlive/2023/texmf-dist/tex/latex/cite/cite.sty
LaTeX Info: Redefining \cite on input line 302.
LaTeX Info: Redefining \nocite on input line 332.
Package: cite 2015/02/27  v 5.5
) (/usr/local/texlive/2023/texmf-dist/tex/latex/amsmath/amsmath.sty
Package: amsmath 2022/04/08 v2.17n AMS math features
\@mathmargin=\skip63

For additional information on amsmath, use the `?' option.
(/usr/local/texlive/2023/texmf-dist/tex/latex/amsmath/amstext.sty
Package: amstext 2021/08/26 v2.01 AMS text
 (/usr/local/texlive/2023/texmf-dist/tex/latex/amsmath/amsgen.sty
File: amsgen.sty 1999/11/30 v2.0 generic functions
\@emptytoks=\toks25
\ex@=\dimen171
)) (/usr/local/texlive/2023/texmf-dist/tex/latex/amsmath/amsbsy.sty
Package: amsbsy 1999/11/29 v1.2d Bold Symbols
LaTeX Info: Redefining \boldsymbol on input line 28.
\pmbraise@=\dimen172
) (/usr/local/texlive/2023/texmf-dist/tex/latex/amsmath/amsopn.sty
Package: amsopn 2022/04/08 v2.04 operator names
)
\inf@bad=\count266
LaTeX Info: Redefining \frac on input line 234.
\uproot@=\count267
\leftroot@=\count268
LaTeX Info: Redefining \overline on input line 399.
LaTeX Info: Redefining \colon on input line 410.
\classnum@=\count269
\DOTSCASE@=\count270
LaTeX Info: Redefining \ldots on input line 496.
LaTeX Info: Redefining \dots on input line 499.
LaTeX Info: Redefining \cdots on input line 620.
\Mathstrutbox@=\box104
\strutbox@=\box105
LaTeX Info: Redefining \big on input line 722.
LaTeX Info: Redefining \Big on input line 723.
LaTeX Info: Redefining \bigg on input line 724.
LaTeX Info: Redefining \Bigg on input line 725.
\big@size=\dimen173
LaTeX Font Info:    Redeclaring font encoding OML on input line 743.
LaTeX Font Info:    Redeclaring font encoding OMS on input line 744.
\macc@depth=\count271
LaTeX Info: Redefining \bmod on input line 905.
LaTeX Info: Redefining \pmod on input line 910.
LaTeX Info: Redefining \smash on input line 940.
LaTeX Info: Redefining \relbar on input line 970.
LaTeX Info: Redefining \Relbar on input line 971.
\c@MaxMatrixCols=\count272
\dotsspace@=\muskip17
\c@parentequation=\count273
\dspbrk@lvl=\count274
\tag@help=\toks26
\row@=\count275
\column@=\count276
\maxfields@=\count277
\andhelp@=\toks27
\eqnshift@=\dimen174
\alignsep@=\dimen175
\tagshift@=\dimen176
\tagwidth@=\dimen177
\totwidth@=\dimen178
\lineht@=\dimen179
\@envbody=\toks28
\multlinegap=\skip64
\multlinetaggap=\skip65
\mathdisplay@stack=\toks29
LaTeX Info: Redefining \[ on input line 2953.
LaTeX Info: Redefining \] on input line 2954.
) (/usr/local/texlive/2023/texmf-dist/tex/latex/amsfonts/amssymb.sty
Package: amssymb 2013/01/14 v3.01 AMS font symbols
 (/usr/local/texlive/2023/texmf-dist/tex/latex/amsfonts/amsfonts.sty
Package: amsfonts 2013/01/14 v3.01 Basic AMSFonts support
\symAMSa=\mathgroup7
\symAMSb=\mathgroup8
LaTeX Font Info:    Redeclaring math symbol \hbar on input line 98.
LaTeX Font Info:    Overwriting math alphabet `\mathfrak' in version `bold'
(Font)                  U/euf/m/n --> U/euf/b/n on input line 106.
)) (/usr/local/texlive/2023/texmf-dist/tex/latex/algorithms/algorithmic.sty
Package: algorithmic 2009/08/24 v0.1 Document Style `algorithmic'
 (/usr/local/texlive/2023/texmf-dist/tex/latex/base/ifthen.sty
Package: ifthen 2022/04/13 v1.1d Standard LaTeX ifthen package (DPC)
)
\c@ALC@unique=\count278
\c@ALC@line=\count279
\c@ALC@rem=\count280
\c@ALC@depth=\count281
\ALC@tlm=\skip66
\algorithmicindent=\skip67
) (/usr/local/texlive/2023/texmf-dist/tex/latex/base/textcomp.sty
Package: textcomp 2020/02/02 v2.0n Standard LaTeX package
) (/usr/local/texlive/2023/texmf-dist/tex/latex/xcolor/xcolor.sty
Package: xcolor 2022/06/12 v2.14 LaTeX color extensions (UK)
 (/usr/local/texlive/2023/texmf-dist/tex/latex/graphics-cfg/color.cfg
File: color.cfg 2016/01/02 v1.6 sample color configuration
)
Package xcolor Info: Driver file: pdftex.def on input line 227.
LaTeX Info: Redefining \color on input line 711.
 (/usr/local/texlive/2023/texmf-dist/tex/latex/graphics/mathcolor.ltx)
Package xcolor Info: Model `cmy' substituted by `cmy0' on input line 1353.
Package xcolor Info: Model `RGB' extended on input line 1369.
Package xcolor Info: Model `HTML' substituted by `rgb' on input line 1371.
Package xcolor Info: Model `Hsb' substituted by `hsb' on input line 1372.
Package xcolor Info: Model `tHsb' substituted by `hsb' on input line 1373.
Package xcolor Info: Model `HSB' substituted by `hsb' on input line 1374.
Package xcolor Info: Model `Gray' substituted by `gray' on input line 1375.
Package xcolor Info: Model `wave' substituted by `hsb' on input line 1376.
) (/usr/local/texlive/2023/texmf-dist/tex/platex/pxchfon/pxchfon.sty

/usr/local/texlive/2023/texmf-dist/tex/platex/pxchfon/pxchfon.sty:12: LaTeX Error: This file needs format `pLaTeX2e'
               but this is `LaTeX2e'.

See the LaTeX manual or LaTeX Companion for explanation.
Type  H <return>  for immediate help.
 ...                                              
                                                  
l.12 \NeedsTeXFormat{pLaTeX2e}
                              
The current input file will not be processed further,
because it was written for some other flavor of TeX.
You're in trouble here.  Try typing  <return>  to proceed.
If that doesn't work, type  X <return>  to quit.

)

/Users/kaoriarai/TeX-notes/main/main.tex:24: LaTeX Error: Unknown option `ipaex' for package `pxchfon'.

See the LaTeX manual or LaTeX Companion for explanation.
Type  H <return>  for immediate help.
 ...                                              
                                                  
l.24 \usepackage
                [deluxe]{otf}
The option `ipaex' was not declared in package `pxchfon', perhaps you
misspelled its name. Try typing  <return>  to proceed.

(/usr/local/texlive/2023/texmf-dist/tex/platex/japanese-otf/otf.sty

/usr/local/texlive/2023/texmf-dist/tex/platex/japanese-otf/otf.sty:1: LaTeX Error: This file needs format `pLaTeX2e'
               but this is `LaTeX2e'.

See the LaTeX manual or LaTeX Companion for explanation.
Type  H <return>  for immediate help.
 ...                                              
                                                  
l.1 \NeedsTeXFormat{pLaTeX2e}
                             
The current input file will not be processed further,
because it was written for some other flavor of TeX.
You're in trouble here.  Try typing  <return>  to proceed.
If that doesn't work, type  X <return>  to quit.

)

/Users/kaoriarai/TeX-notes/main/main.tex:25: LaTeX Error: Unknown option `deluxe' for package `otf'.

See the LaTeX manual or LaTeX Companion for explanation.
Type  H <return>  for immediate help.
 ...                                              
                                                  
l.25 \usepackage
                {graphicx}
The option `deluxe' was not declared in package `otf', perhaps you
misspelled its name. Try typing  <return>  to proceed.

(/usr/local/texlive/2023/texmf-dist/tex/latex/geometry/geometry.sty
Package: geometry 2020/01/02 v5.9 Page Geometry
 (/usr/local/texlive/2023/texmf-dist/tex/generic/iftex/ifvtex.sty
Package: ifvtex 2019/10/25 v1.7 ifvtex legacy package. Use iftex instead.
 (/usr/local/texlive/2023/texmf-dist/tex/generic/iftex/iftex.sty
Package: iftex 2022/02/03 v1.0f TeX engine tests
))
\Gm@cnth=\count282
\Gm@cntv=\count283
\c@Gm@tempcnt=\count284
\Gm@bindingoffset=\dimen180
\Gm@wd@mp=\dimen181
\Gm@odd@mp=\dimen182
\Gm@even@mp=\dimen183
\Gm@layoutwidth=\dimen184
\Gm@layoutheight=\dimen185
\Gm@layouthoffset=\dimen186
\Gm@layoutvoffset=\dimen187
\Gm@dimlist=\toks30


/usr/local/texlive/2023/texmf-dist/tex/latex/geometry/geometry.sty:1006: Package geometry Error: \paperwidth (0.0pt) too short.

See the geometry package documentation for explanation.
Type  H <return>  for immediate help.
 ...                                              
                                                  
l.1006 \Gm@process
                  
Set a paper type (e.g., `a4paper').


/usr/local/texlive/2023/texmf-dist/tex/latex/geometry/geometry.sty:1006: Package geometry Error: \paperheight (0.0pt) too short.

See the geometry package documentation for explanation.
Type  H <return>  for immediate help.
 ...                                              
                                                  
l.1006 \Gm@process
                  
Set a paper type (e.g., `a4paper').


Package geometry Warning: `width' results in NEGATIVE (-142.26376pt).
    `lmargin' or `rmargin' should be shortened in length.


Package geometry Warning: `height' results in NEGATIVE (-170.71652pt).
    `tmargin' or `bmargin' should be shortened in length.

) (/usr/local/texlive/2023/texmf-dist/tex/latex/l3backend/l3backend-pdftex.def
File: l3backend-pdftex.def 2023-01-16 L3 backend support: PDF output (pdfTeX)
\l__color_backend_stack_int=\count285
\l__pdf_internal_box=\box106
)
No file main.aux.
\openout1 = `main.aux'.

LaTeX Font Info:    Checking defaults for OML/cmm/m/it on input line 38.
LaTeX Font Info:    ... okay on input line 38.
LaTeX Font Info:    Checking defaults for OMS/cmsy/m/n on input line 38.
LaTeX Font Info:    ... okay on input line 38.
LaTeX Font Info:    Checking defaults for OT1/cmr/m/n on input line 38.
LaTeX Font Info:    ... okay on input line 38.
LaTeX Font Info:    Checking defaults for T1/cmr/m/n on input line 38.
LaTeX Font Info:    ... okay on input line 38.
LaTeX Font Info:    Checking defaults for TS1/cmr/m/n on input line 38.
LaTeX Font Info:    ... okay on input line 38.
LaTeX Font Info:    Checking defaults for OMX/cmex/m/n on input line 38.
LaTeX Font Info:    ... okay on input line 38.
LaTeX Font Info:    Checking defaults for U/cmr/m/n on input line 38.
LaTeX Font Info:    ... okay on input line 38.

/Users/kaoriarai/TeX-notes/main/main.tex:38: LaTeX Error: The font size command \normalsize is not defined:
               there is probably something wrong with the class file.

See the LaTeX manual or LaTeX Companion for explanation.
Type  H <return>  for immediate help.
 ...                                              
                                                  
l.38 \begin{document}
                     
Your command was ignored.
Type  I <command> <return>  to replace it with another command,
or  <return>  to continue without it.

(/usr/local/texlive/2023/texmf-dist/tex/context/base/mkii/supp-pdf.mkii
[Loading MPS to PDF converter (version 2006.09.02).]
\scratchcounter=\count286
\scratchdimen=\dimen188
\scratchbox=\box107
\nofMPsegments=\count287
\nofMParguments=\count288
\everyMPshowfont=\toks31
\MPscratchCnt=\count289
\MPscratchDim=\dimen189
\MPnumerator=\count290
\makeMPintoPDFobject=\count291
\everyMPtoPDFconversion=\toks32
) (/usr/local/texlive/2023/texmf-dist/tex/latex/epstopdf-pkg/epstopdf-base.sty
Package: epstopdf-base 2020-01-24 v2.11 Base part for package epstopdf
Package epstopdf-base Info: Redefining graphics rule for `.eps' on input line 485.
 (/usr/local/texlive/2023/texmf-dist/tex/latex/latexconfig/epstopdf-sys.cfg
File: epstopdf-sys.cfg 2010/07/13 v1.3 Configuration of (r)epstopdf for TeX Live
))
*geometry* driver: auto-detecting
*geometry* detected driver: pdftex
*geometry* verbose mode - [ preamble ] result:
* driver: pdftex
* paper: <default>
* layout: <same size as paper>
* layoutoffset:(h,v)=(0.0pt,0.0pt)
* modes: 
* h-part:(L,W,R)=(71.13188pt, -142.26376pt, 71.13188pt)
* v-part:(T,H,B)=(85.35826pt, -170.71652pt, 85.35826pt)
* \paperwidth=0.0pt
* \paperheight=0.0pt
* \textwidth=-142.26376pt
* \textheight=-170.71652pt
* \oddsidemargin=-1.1381pt
* \evensidemargin=-1.1381pt
* \topmargin=13.08827pt
* \headheight=0.0pt
* \headsep=0.0pt
* \topskip=10.0pt
* \footskip=0.0pt
* \marginparwidth=0.0pt
* \marginparsep=0.0pt
* \columnsep=0.0pt
* \skip\footins=12.0pt plus 4.0pt minus 4.0pt
* \hoffset=0.0pt
* \voffset=0.0pt
* \mag=1000
* \@twocolumnfalse
* \@twosidefalse
* \@mparswitchfalse
* \@reversemarginfalse
* (1in=72.27pt=25.4mm, 1cm=28.453pt)

/Users/kaoriarai/TeX-notes/main/main.tex:45: Undefined control sequence.
l.45 {\Large
            \noindent LaTeX}\\
The control sequence at the end of the top line
of your error message was never \def'ed. If you have
misspelled it (e.g., `\hobx'), type `I' and the correct
spelling (e.g., `I\hbox'). Otherwise just continue,
and I'll forget about whatever was undefined.


Overfull \hbox (142.26376pt too wide) in paragraph at lines 45--45
 [] 
 []


Overfull \hbox (171.84714pt too wide) in paragraph at lines 45--45
 \OT1/cmr/m/n/10 LaTeX 
 []


Overfull \vbox (170.71652pt too high) has occurred while \output is active []



/Users/kaoriarai/TeX-notes/main/main.tex:45: LaTeX Error: The font size command \normalsize is not defined:
               there is probably something wrong with the class file.

See the LaTeX manual or LaTeX Companion for explanation.
Type  H <return>  for immediate help.
 ...                                              
                                                  
l.45 {\Large\noindent LaTeX}\\
                              
Your command was ignored.
Type  I <command> <return>  to replace it with another command,
or  <return>  to continue without it.

[1
Non-PDF special ignored!
<special> color push gray 0
Non-PDF special ignored!
<special> color pop
Non-PDF special ignored!
<special> color push gray 0
Non-PDF special ignored!
<special> color push gray 0
Non-PDF special ignored!
<special> color pop
]
Overfull \vbox (180.71652pt too high) has occurred while \output is active []



/Users/kaoriarai/TeX-notes/main/main.tex:45: LaTeX Error: The font size command \normalsize is not defined:
               there is probably something wrong with the class file.

See the LaTeX manual or LaTeX Companion for explanation.
Type  H <return>  for immediate help.
 ...                                              
                                                  
l.45 {\Large\noindent LaTeX}\\
                              
Your command was ignored.
Type  I <command> <return>  to replace it with another command,
or  <return>  to continue without it.


/Users/kaoriarai/TeX-notes/main/main.tex:45: LaTeX Error: The font size command \normalsize is not defined:
               there is probably something wrong with the class file.

See the LaTeX manual or LaTeX Companion for explanation.
Type  H <return>  for immediate help.
 ...                                              
                                                  
l.45 {\Large\noindent LaTeX}\\
                              
Your command was ignored.
Type  I <command> <return>  to replace it with another command,
or  <return>  to continue without it.


Overfull \hbox (142.26376pt too wide) has occurred while \output is active
[]|  
 []


Overfull \hbox (142.26376pt too wide) has occurred while \output is active
 [] 
 []


/Users/kaoriarai/TeX-notes/main/main.tex:45: LaTeX Error: Unicode character „ÅÇ (U+3042)
               not set up for use with LaTeX.

See the LaTeX manual or LaTeX Companion for explanation.
Type  H <return>  for immediate help.
 ...                                              
                                                  
l.45 {\Large\noindent LaTeX}\\
                              
You may provide a definition with
\DeclareUnicodeCharacter 


/Users/kaoriarai/TeX-notes/main/main.tex:45: LaTeX Error: Unicode character „Åö (U+305A)
               not set up for use with LaTeX.

See the LaTeX manual or LaTeX Companion for explanation.
Type  H <return>  for immediate help.
 ...                                              
                                                  
l.45 {\Large\noindent LaTeX}\\
                              
You may provide a definition with
\DeclareUnicodeCharacter 


/Users/kaoriarai/TeX-notes/main/main.tex:45: LaTeX Error: Unicode character „Å≥ (U+3073)
               not set up for use with LaTeX.

See the LaTeX manual or LaTeX Companion for explanation.
Type  H <return>  for immediate help.
 ...                                              
                                                  
l.45 {\Large\noindent LaTeX}\\
                              
You may provide a definition with
\DeclareUnicodeCharacter 


/Users/kaoriarai/TeX-notes/main/main.tex:45: LaTeX Error: Unicode character „Çè (U+308F)
               not set up for use with LaTeX.

See the LaTeX manual or LaTeX Companion for explanation.
Type  H <return>  for immediate help.
 ...                                              
                                                  
l.45 {\Large\noindent LaTeX}\\
                              
You may provide a definition with
\DeclareUnicodeCharacter 


Overfull \hbox (142.26376pt too wide) has occurred while \output is active
 []|
 []


Package fancyhdr Warning: \headheight is too small (0.0pt): 
(fancyhdr)                Make it at least 15.0pt, for example:
(fancyhdr)                \setlength{\headheight}{15.0pt}.
(fancyhdr)                You might also make \topmargin smaller to compensate:
(fancyhdr)                \addtolength{\topmargin}{-15.0pt}.


Overfull \hbox (142.26376pt too wide) has occurred while \output is active
[]
 []


/Users/kaoriarai/TeX-notes/main/main.tex:45: LaTeX Error: The font size command \normalsize is not defined:
               there is probably something wrong with the class file.

See the LaTeX manual or LaTeX Companion for explanation.
Type  H <return>  for immediate help.
 ...                                              
                                                  
l.45 {\Large\noindent LaTeX}\\
                              
Your command was ignored.
Type  I <command> <return>  to replace it with another command,
or  <return>  to continue without it.


Overfull \hbox (142.26376pt too wide) has occurred while \output is active
[]  
 []

/Users/kaoriarai/TeX-notes/main/main.tex:45: Undefined control sequence.
\f@nch@ocf ->\thepage 
                      \strut 
l.45 {\Large\noindent LaTeX}\\
                              
The control sequence at the end of the top line
of your error message was never \def'ed. If you have
misspelled it (e.g., `\hobx'), type `I' and the correct
spelling (e.g., `I\hbox'). Otherwise just continue,
and I'll forget about whatever was undefined.


Overfull \hbox (142.26376pt too wide) has occurred while \output is active
 []| 
 []


Overfull \hbox (142.26376pt too wide) has occurred while \output is active
 []
 []


Package fancyhdr Warning: \footskip is too small (0.0pt): 
(fancyhdr)                Make it at least 15.0pt, for example:
(fancyhdr)                \setlength{\footskip}{15.0pt}.


Overfull \hbox (142.26376pt too wide) has occurred while \output is active
[]
 []

[2
Non-PDF special ignored!
<special> color push gray 0
Non-PDF special ignored!
<special> color pop
Non-PDF special ignored!
<special> color push gray 0
Non-PDF special ignored!
<special> color pop
Non-PDF special ignored!
<special> color push gray 0
Non-PDF special ignored!
<special> color pop
]
/Users/kaoriarai/TeX-notes/main/main.tex:47: Undefined control sequence.
l.47 {\huge
           \noindent\textbf{„ÉÅ„Éº„Éà„Ç∑„Éº„Éà}}\\
The control sequence at the end of the top line
of your error message was never \def'ed. If you have
misspelled it (e.g., `\hobx'), type `I' and the correct
spelling (e.g., `I\hbox'). Otherwise just continue,
and I'll forget about whatever was undefined.


Overfull \vbox (180.71652pt too high) has occurred while \output is active []



/Users/kaoriarai/TeX-notes/main/main.tex:47: LaTeX Error: The font size command \normalsize is not defined:
               there is probably something wrong with the class file.

See the LaTeX manual or LaTeX Companion for explanation.
Type  H <return>  for immediate help.
 ...                                              
                                                  
l.47 {\huge\noindent
                    \textbf{„ÉÅ„Éº„Éà„Ç∑„Éº„Éà}}\\
Your command was ignored.
Type  I <command> <return>  to replace it with another command,
or  <return>  to continue without it.


/Users/kaoriarai/TeX-notes/main/main.tex:47: LaTeX Error: The font size command \normalsize is not defined:
               there is probably something wrong with the class file.

See the LaTeX manual or LaTeX Companion for explanation.
Type  H <return>  for immediate help.
 ...                                              
                                                  
l.47 {\huge\noindent
                    \textbf{„ÉÅ„Éº„Éà„Ç∑„Éº„Éà}}\\
Your command was ignored.
Type  I <command> <return>  to replace it with another command,
or  <return>  to continue without it.


Overfull \hbox (142.26376pt too wide) has occurred while \output is active
[]|  
 []


Overfull \hbox (142.26376pt too wide) has occurred while \output is active
 [] 
 []


/Users/kaoriarai/TeX-notes/main/main.tex:47: LaTeX Error: Unicode character „ÅÇ (U+3042)
               not set up for use with LaTeX.

See the LaTeX manual or LaTeX Companion for explanation.
Type  H <return>  for immediate help.
 ...                                              
                                                  
l.47 {\huge\noindent
                    \textbf{„ÉÅ„Éº„Éà„Ç∑„Éº„Éà}}\\
You may provide a definition with
\DeclareUnicodeCharacter 


/Users/kaoriarai/TeX-notes/main/main.tex:47: LaTeX Error: Unicode character „Åö (U+305A)
               not set up for use with LaTeX.

See the LaTeX manual or LaTeX Companion for explanation.
Type  H <return>  for immediate help.
 ...                                              
                                                  
l.47 {\huge\noindent
                    \textbf{„ÉÅ„Éº„Éà„Ç∑„Éº„Éà}}\\
You may provide a definition with
\DeclareUnicodeCharacter 


/Users/kaoriarai/TeX-notes/main/main.tex:47: LaTeX Error: Unicode character „Å≥ (U+3073)
               not set up for use with LaTeX.

See the LaTeX manual or LaTeX Companion for explanation.
Type  H <return>  for immediate help.
 ...                                              
                                                  
l.47 {\huge\noindent
                    \textbf{„ÉÅ„Éº„Éà„Ç∑„Éº„Éà}}\\
You may provide a definition with
\DeclareUnicodeCharacter 


/Users/kaoriarai/TeX-notes/main/main.tex:47: LaTeX Error: Unicode character „Çè (U+308F)
               not set up for use with LaTeX.

See the LaTeX manual or LaTeX Companion for explanation.
Type  H <return>  for immediate help.
 ...                                              
                                                  
l.47 {\huge\noindent
                    \textbf{„ÉÅ„Éº„Éà„Ç∑„Éº„Éà}}\\
You may provide a definition with
\DeclareUnicodeCharacter 


Overfull \hbox (142.26376pt too wide) has occurred while \output is active
 []|
 []


Package fancyhdr Warning: \headheight is too small (0.0pt): 
(fancyhdr)                Make it at least 15.0pt, for example:
(fancyhdr)                \setlength{\headheight}{15.0pt}.
(fancyhdr)                You might also make \topmargin smaller to compensate:
(fancyhdr)                \addtolength{\topmargin}{-15.0pt}.


Overfull \hbox (142.26376pt too wide) has occurred while \output is active
[]
 []


/Users/kaoriarai/TeX-notes/main/main.tex:47: LaTeX Error: The font size command \normalsize is not defined:
               there is probably something wrong with the class file.

See the LaTeX manual or LaTeX Companion for explanation.
Type  H <return>  for immediate help.
 ...                                              
                                                  
l.47 {\huge\noindent
                    \textbf{„ÉÅ„Éº„Éà„Ç∑„Éº„Éà}}\\
Your command was ignored.
Type  I <command> <return>  to replace it with another command,
or  <return>  to continue without it.


Overfull \hbox (142.26376pt too wide) has occurred while \output is active
[]  
 []

/Users/kaoriarai/TeX-notes/main/main.tex:47: Undefined control sequence.
\f@nch@ocf ->\thepage 
                      \strut 
l.47 {\huge\noindent
                    \textbf{„ÉÅ„Éº„Éà„Ç∑„Éº„Éà}}\\
The control sequence at the end of the top line
of your error message was never \def'ed. If you have
misspelled it (e.g., `\hobx'), type `I' and the correct
spelling (e.g., `I\hbox'). Otherwise just continue,
and I'll forget about whatever was undefined.


Overfull \hbox (142.26376pt too wide) has occurred while \output is active
 []| 
 []


Overfull \hbox (142.26376pt too wide) has occurred while \output is active
 []
 []


Package fancyhdr Warning: \footskip is too small (0.0pt): 
(fancyhdr)                Make it at least 15.0pt, for example:
(fancyhdr)                \setlength{\footskip}{15.0pt}.


Overfull \hbox (142.26376pt too wide) has occurred while \output is active
[]
 []

[3
Non-PDF special ignored!
<special> color push gray 0
Non-PDF special ignored!
<special> color pop
{/usr/local/texlive/2023/texmf-var/fonts/map/pdftex/updmap/pdftex.map}
Non-PDF special ignored!
<special> color push gray 0
Non-PDF special ignored!
<special> color pop
]

/Users/kaoriarai/TeX-notes/main/main.tex:47: LaTeX Error: Unicode character „ÉÅ (U+30C1)
               not set up for use with LaTeX.

See the LaTeX manual or LaTeX Companion for explanation.
Type  H <return>  for immediate help.
 ...                                              
                                                  
l.47 {\huge\noindent\textbf{„ÉÅ„Éº„Éà„Ç∑„Éº„Éà}
                                               }\\
You may provide a definition with
\DeclareUnicodeCharacter 


/Users/kaoriarai/TeX-notes/main/main.tex:47: LaTeX Error: Unicode character „Éº (U+30FC)
               not set up for use with LaTeX.

See the LaTeX manual or LaTeX Companion for explanation.
Type  H <return>  for immediate help.
 ...                                              
                                                  
l.47 {\huge\noindent\textbf{„ÉÅ„Éº„Éà„Ç∑„Éº„Éà}
                                               }\\
You may provide a definition with
\DeclareUnicodeCharacter 


/Users/kaoriarai/TeX-notes/main/main.tex:47: LaTeX Error: Unicode character „Éà (U+30C8)
               not set up for use with LaTeX.

See the LaTeX manual or LaTeX Companion for explanation.
Type  H <return>  for immediate help.
 ...                                              
                                                  
l.47 {\huge\noindent\textbf{„ÉÅ„Éº„Éà„Ç∑„Éº„Éà}
                                               }\\
You may provide a definition with
\DeclareUnicodeCharacter 


/Users/kaoriarai/TeX-notes/main/main.tex:47: LaTeX Error: Unicode character „Ç∑ (U+30B7)
               not set up for use with LaTeX.

See the LaTeX manual or LaTeX Companion for explanation.
Type  H <return>  for immediate help.
 ...                                              
                                                  
l.47 {\huge\noindent\textbf{„ÉÅ„Éº„Éà„Ç∑„Éº„Éà}
                                               }\\
You may provide a definition with
\DeclareUnicodeCharacter 


/Users/kaoriarai/TeX-notes/main/main.tex:47: LaTeX Error: Unicode character „Éº (U+30FC)
               not set up for use with LaTeX.

See the LaTeX manual or LaTeX Companion for explanation.
Type  H <return>  for immediate help.
 ...                                              
                                                  
l.47 {\huge\noindent\textbf{„ÉÅ„Éº„Éà„Ç∑„Éº„Éà}
                                               }\\
You may provide a definition with
\DeclareUnicodeCharacter 


/Users/kaoriarai/TeX-notes/main/main.tex:47: LaTeX Error: Unicode character „Éà (U+30C8)
               not set up for use with LaTeX.

See the LaTeX manual or LaTeX Companion for explanation.
Type  H <return>  for immediate help.
 ...                                              
                                                  
l.47 {\huge\noindent\textbf{„ÉÅ„Éº„Éà„Ç∑„Éº„Éà}
                                               }\\
You may provide a definition with
\DeclareUnicodeCharacter 

/Users/kaoriarai/TeX-notes/main/main.tex:52: Undefined control sequence.
l.52 {\Large
            \noindent
The control sequence at the end of the top line
of your error message was never \def'ed. If you have
misspelled it (e.g., `\hobx'), type `I' and the correct
spelling (e.g., `I\hbox'). Otherwise just continue,
and I'll forget about whatever was undefined.


/Users/kaoriarai/TeX-notes/main/main.tex:53: LaTeX Error: Unicode character Âπ¥ (U+5E74)
               not set up for use with LaTeX.

See the LaTeX manual or LaTeX Companion for explanation.
Type  H <return>  for immediate help.
 ...                                              
                                                  
l.53 2024Âπ¥
            10Êúà„Äú\\
You may provide a definition with
\DeclareUnicodeCharacter 


/Users/kaoriarai/TeX-notes/main/main.tex:53: LaTeX Error: Unicode character Êúà (U+6708)
               not set up for use with LaTeX.

See the LaTeX manual or LaTeX Companion for explanation.
Type  H <return>  for immediate help.
 ...                                              
                                                  
l.53 2024Âπ¥10Êúà
                 „Äú\\
You may provide a definition with
\DeclareUnicodeCharacter 


/Users/kaoriarai/TeX-notes/main/main.tex:53: LaTeX Error: Unicode character „Äú (U+301C)
               not set up for use with LaTeX.

See the LaTeX manual or LaTeX Companion for explanation.
Type  H <return>  for immediate help.
 ...                                              
                                                  
l.53 2024Âπ¥10Êúà„Äú
                    \\
You may provide a definition with
\DeclareUnicodeCharacter 


Overfull \hbox (172.26385pt too wide) in paragraph at lines 52--53
 \OT1/cmr/m/n/10 202410 
 []


/Users/kaoriarai/TeX-notes/main/main.tex:55: LaTeX Error: Unicode character Âêç (U+540D)
               not set up for use with LaTeX.

See the LaTeX manual or LaTeX Companion for explanation.
Type  H <return>  for immediate help.
 ...                                              
                                                  
l.55 Âêç
        ÂâçÔºö„ÅÇ„Åö„Å≥„Çè\\
You may provide a definition with
\DeclareUnicodeCharacter 


/Users/kaoriarai/TeX-notes/main/main.tex:55: LaTeX Error: Unicode character Ââç (U+524D)
               not set up for use with LaTeX.

See the LaTeX manual or LaTeX Companion for explanation.
Type  H <return>  for immediate help.
 ...                                              
                                                  
l.55 ÂêçÂâç
           Ôºö„ÅÇ„Åö„Å≥„Çè\\
You may provide a definition with
\DeclareUnicodeCharacter 


/Users/kaoriarai/TeX-notes/main/main.tex:55: LaTeX Error: Unicode character Ôºö (U+FF1A)
               not set up for use with LaTeX.

See the LaTeX manual or LaTeX Companion for explanation.
Type  H <return>  for immediate help.
 ...                                              
                                                  
l.55 ÂêçÂâçÔºö
              „ÅÇ„Åö„Å≥„Çè\\
You may provide a definition with
\DeclareUnicodeCharacter 


/Users/kaoriarai/TeX-notes/main/main.tex:55: LaTeX Error: Unicode character „ÅÇ (U+3042)
               not set up for use with LaTeX.

See the LaTeX manual or LaTeX Companion for explanation.
Type  H <return>  for immediate help.
 ...                                              
                                                  
l.55 ÂêçÂâçÔºö„ÅÇ
                 „Åö„Å≥„Çè\\
You may provide a definition with
\DeclareUnicodeCharacter 


/Users/kaoriarai/TeX-notes/main/main.tex:55: LaTeX Error: Unicode character „Åö (U+305A)
               not set up for use with LaTeX.

See the LaTeX manual or LaTeX Companion for explanation.
Type  H <return>  for immediate help.
 ...                                              
                                                  
l.55 ÂêçÂâçÔºö„ÅÇ„Åö
                    „Å≥„Çè\\
You may provide a definition with
\DeclareUnicodeCharacter 


/Users/kaoriarai/TeX-notes/main/main.tex:55: LaTeX Error: Unicode character „Å≥ (U+3073)
               not set up for use with LaTeX.

See the LaTeX manual or LaTeX Companion for explanation.
Type  H <return>  for immediate help.
 ...                                              
                                                  
l.55 ÂêçÂâçÔºö„ÅÇ„Åö„Å≥
                       „Çè\\
You may provide a definition with
\DeclareUnicodeCharacter 


/Users/kaoriarai/TeX-notes/main/main.tex:55: LaTeX Error: Unicode character „Çè (U+308F)
               not set up for use with LaTeX.

See the LaTeX manual or LaTeX Companion for explanation.
Type  H <return>  for immediate help.
 ...                                              
                                                  
l.55 ÂêçÂâçÔºö„ÅÇ„Åö„Å≥„Çè
                          \\
You may provide a definition with
\DeclareUnicodeCharacter 


/Users/kaoriarai/TeX-notes/main/main.tex:55: LaTeX Error: There's no line here to end.

See the LaTeX manual or LaTeX Companion for explanation.
Type  H <return>  for immediate help.
 ...                                              
                                                  
l.55 ÂêçÂâçÔºö„ÅÇ„Åö„Å≥„Çè\\
                            
Your command was ignored.
Type  I <command> <return>  to replace it with another command,
or  <return>  to continue without it.


Overfull \vbox (180.71652pt too high) has occurred while \output is active []



/Users/kaoriarai/TeX-notes/main/main.tex:55: LaTeX Error: The font size command \normalsize is not defined:
               there is probably something wrong with the class file.

See the LaTeX manual or LaTeX Companion for explanation.
Type  H <return>  for immediate help.
 ...                                              
                                                  
l.55 ÂêçÂâçÔºö„ÅÇ„Åö„Å≥„Çè\\
                            
Your command was ignored.
Type  I <command> <return>  to replace it with another command,
or  <return>  to continue without it.


/Users/kaoriarai/TeX-notes/main/main.tex:55: LaTeX Error: The font size command \normalsize is not defined:
               there is probably something wrong with the class file.

See the LaTeX manual or LaTeX Companion for explanation.
Type  H <return>  for immediate help.
 ...                                              
                                                  
l.55 ÂêçÂâçÔºö„ÅÇ„Åö„Å≥„Çè\\
                            
Your command was ignored.
Type  I <command> <return>  to replace it with another command,
or  <return>  to continue without it.


Overfull \hbox (142.26376pt too wide) has occurred while \output is active
[]|  
 []


Overfull \hbox (142.26376pt too wide) has occurred while \output is active
 [] 
 []


/Users/kaoriarai/TeX-notes/main/main.tex:55: LaTeX Error: Unicode character „ÅÇ (U+3042)
               not set up for use with LaTeX.

See the LaTeX manual or LaTeX Companion for explanation.
Type  H <return>  for immediate help.
 ...                                              
                                                  
l.55 ÂêçÂâçÔºö„ÅÇ„Åö„Å≥„Çè\\
                            
You may provide a definition with
\DeclareUnicodeCharacter 


/Users/kaoriarai/TeX-notes/main/main.tex:55: LaTeX Error: Unicode character „Åö (U+305A)
               not set up for use with LaTeX.

See the LaTeX manual or LaTeX Companion for explanation.
Type  H <return>  for immediate help.
 ...                                              
                                                  
l.55 ÂêçÂâçÔºö„ÅÇ„Åö„Å≥„Çè\\
                            
You may provide a definition with
\DeclareUnicodeCharacter 


/Users/kaoriarai/TeX-notes/main/main.tex:55: LaTeX Error: Unicode character „Å≥ (U+3073)
               not set up for use with LaTeX.

See the LaTeX manual or LaTeX Companion for explanation.
Type  H <return>  for immediate help.
 ...                                              
                                                  
l.55 ÂêçÂâçÔºö„ÅÇ„Åö„Å≥„Çè\\
                            
You may provide a definition with
\DeclareUnicodeCharacter 


/Users/kaoriarai/TeX-notes/main/main.tex:55: LaTeX Error: Unicode character „Çè (U+308F)
               not set up for use with LaTeX.

See the LaTeX manual or LaTeX Companion for explanation.
Type  H <return>  for immediate help.
 ...                                              
                                                  
l.55 ÂêçÂâçÔºö„ÅÇ„Åö„Å≥„Çè\\
                            
You may provide a definition with
\DeclareUnicodeCharacter 


Overfull \hbox (142.26376pt too wide) has occurred while \output is active
 []|
 []


Package fancyhdr Warning: \headheight is too small (0.0pt): 
(fancyhdr)                Make it at least 15.0pt, for example:
(fancyhdr)                \setlength{\headheight}{15.0pt}.
(fancyhdr)                You might also make \topmargin smaller to compensate:
(fancyhdr)                \addtolength{\topmargin}{-15.0pt}.


Overfull \hbox (142.26376pt too wide) has occurred while \output is active
[]
 []


/Users/kaoriarai/TeX-notes/main/main.tex:55: LaTeX Error: The font size command \normalsize is not defined:
               there is probably something wrong with the class file.

See the LaTeX manual or LaTeX Companion for explanation.
Type  H <return>  for immediate help.
 ...                                              
                                                  
l.55 ÂêçÂâçÔºö„ÅÇ„Åö„Å≥„Çè\\
                            
Your command was ignored.
Type  I <command> <return>  to replace it with another command,
or  <return>  to continue without it.


Overfull \hbox (142.26376pt too wide) has occurred while \output is active
[]  
 []

/Users/kaoriarai/TeX-notes/main/main.tex:55: Undefined control sequence.
\f@nch@ocf ->\thepage 
                      \strut 
l.55 ÂêçÂâçÔºö„ÅÇ„Åö„Å≥„Çè\\
                            
The control sequence at the end of the top line
of your error message was never \def'ed. If you have
misspelled it (e.g., `\hobx'), type `I' and the correct
spelling (e.g., `I\hbox'). Otherwise just continue,
and I'll forget about whatever was undefined.


Overfull \hbox (142.26376pt too wide) has occurred while \output is active
 []| 
 []


Overfull \hbox (142.26376pt too wide) has occurred while \output is active
 []
 []


Package fancyhdr Warning: \footskip is too small (0.0pt): 
(fancyhdr)                Make it at least 15.0pt, for example:
(fancyhdr)                \setlength{\footskip}{15.0pt}.


Overfull \hbox (142.26376pt too wide) has occurred while \output is active
[]
 []

[4
Non-PDF special ignored!
<special> color push gray 0
Non-PDF special ignored!
<special> color pop
Non-PDF special ignored!
<special> color push gray 0
Non-PDF special ignored!
<special> color pop
]
Overfull \vbox (170.71652pt too high) has occurred while \output is active []



/Users/kaoriarai/TeX-notes/main/main.tex:62: LaTeX Error: The font size command \normalsize is not defined:
               there is probably something wrong with the class file.

See the LaTeX manual or LaTeX Companion for explanation.
Type  H <return>  for immediate help.
 ...                                              
                                                  
l.62 \clearpage
               
Your command was ignored.
Type  I <command> <return>  to replace it with another command,
or  <return>  to continue without it.

[5
Non-PDF special ignored!
<special> color push gray 0
Non-PDF special ignored!
<special> color pop

Non-PDF special ignored!
<special> color push gray 0
Non-PDF special ignored!
<special> color pop
]
Overfull \vbox (10.0pt too high) has occurred while \output is active []


/Users/kaoriarai/TeX-notes/main/main.tex:67: Undefined control sequence.
l.67 \tableofcontents
                     
The control sequence at the end of the top line
of your error message was never \def'ed. If you have
misspelled it (e.g., `\hobx'), type `I' and the correct
spelling (e.g., `I\hbox'). Otherwise just continue,
and I'll forget about whatever was undefined.


/Users/kaoriarai/TeX-notes/main/main.tex:72: LaTeX Error: Command \chaptermark undefined.

See the LaTeX manual or LaTeX Companion for explanation.
Type  H <return>  for immediate help.
 ...                                              
                                                  
l.72 \renewcommand{\chaptermark}
                                [1]{\markboth{Á¨¨\ \normalfont\thechapter\ Á...
Try typing  <return>  to proceed.
If that doesn't work, type  X <return>  to quit.

/Users/kaoriarai/TeX-notes/main/main.tex:75: Undefined control sequence.
l.75 \chapter
             {Âü∫Êú¨}
The control sequence at the end of the top line
of your error message was never \def'ed. If you have
misspelled it (e.g., `\hobx'), type `I' and the correct
spelling (e.g., `I\hbox'). Otherwise just continue,
and I'll forget about whatever was undefined.


/Users/kaoriarai/TeX-notes/main/main.tex:75: LaTeX Error: Unicode character Âü∫ (U+57FA)
               not set up for use with LaTeX.

See the LaTeX manual or LaTeX Companion for explanation.
Type  H <return>  for immediate help.
 ...                                              
                                                  
l.75 \chapter{Âü∫
                 Êú¨}
You may provide a definition with
\DeclareUnicodeCharacter 


/Users/kaoriarai/TeX-notes/main/main.tex:75: LaTeX Error: Unicode character Êú¨ (U+672C)
               not set up for use with LaTeX.

See the LaTeX manual or LaTeX Companion for explanation.
Type  H <return>  for immediate help.
 ...                                              
                                                  
l.75 \chapter{Âü∫Êú¨
                    }
You may provide a definition with
\DeclareUnicodeCharacter 

/Users/kaoriarai/TeX-notes/main/main.tex:78: Undefined control sequence.
l.78 \chapter
             {‰ª£Êï∞Â≠¶}
The control sequence at the end of the top line
of your error message was never \def'ed. If you have
misspelled it (e.g., `\hobx'), type `I' and the correct
spelling (e.g., `I\hbox'). Otherwise just continue,
and I'll forget about whatever was undefined.


/Users/kaoriarai/TeX-notes/main/main.tex:78: LaTeX Error: Unicode character ‰ª£ (U+4EE3)
               not set up for use with LaTeX.

See the LaTeX manual or LaTeX Companion for explanation.
Type  H <return>  for immediate help.
 ...                                              
                                                  
l.78 \chapter{‰ª£
                 Êï∞Â≠¶}
You may provide a definition with
\DeclareUnicodeCharacter 


/Users/kaoriarai/TeX-notes/main/main.tex:78: LaTeX Error: Unicode character Êï∞ (U+6570)
               not set up for use with LaTeX.

See the LaTeX manual or LaTeX Companion for explanation.
Type  H <return>  for immediate help.
 ...                                              
                                                  
l.78 \chapter{‰ª£Êï∞
                    Â≠¶}
You may provide a definition with
\DeclareUnicodeCharacter 


/Users/kaoriarai/TeX-notes/main/main.tex:78: LaTeX Error: Unicode character Â≠¶ (U+5B66)
               not set up for use with LaTeX.

See the LaTeX manual or LaTeX Companion for explanation.
Type  H <return>  for immediate help.
 ...                                              
                                                  
l.78 \chapter{‰ª£Êï∞Â≠¶
                       }
You may provide a definition with
\DeclareUnicodeCharacter 

/Users/kaoriarai/TeX-notes/main/main.tex:80: Undefined control sequence.
l.80 \section
             {Á∑öÂΩ¢‰ª£Êï∞}
The control sequence at the end of the top line
of your error message was never \def'ed. If you have
misspelled it (e.g., `\hobx'), type `I' and the correct
spelling (e.g., `I\hbox'). Otherwise just continue,
and I'll forget about whatever was undefined.


/Users/kaoriarai/TeX-notes/main/main.tex:80: LaTeX Error: Unicode character Á∑ö (U+7DDA)
               not set up for use with LaTeX.

See the LaTeX manual or LaTeX Companion for explanation.
Type  H <return>  for immediate help.
 ...                                              
                                                  
l.80 \section{Á∑ö
                 ÂΩ¢‰ª£Êï∞}
You may provide a definition with
\DeclareUnicodeCharacter 


/Users/kaoriarai/TeX-notes/main/main.tex:80: LaTeX Error: Unicode character ÂΩ¢ (U+5F62)
               not set up for use with LaTeX.

See the LaTeX manual or LaTeX Companion for explanation.
Type  H <return>  for immediate help.
 ...                                              
                                                  
l.80 \section{Á∑öÂΩ¢
                    ‰ª£Êï∞}
You may provide a definition with
\DeclareUnicodeCharacter 


/Users/kaoriarai/TeX-notes/main/main.tex:80: LaTeX Error: Unicode character ‰ª£ (U+4EE3)
               not set up for use with LaTeX.

See the LaTeX manual or LaTeX Companion for explanation.
Type  H <return>  for immediate help.
 ...                                              
                                                  
l.80 \section{Á∑öÂΩ¢‰ª£
                       Êï∞}
You may provide a definition with
\DeclareUnicodeCharacter 


/Users/kaoriarai/TeX-notes/main/main.tex:80: LaTeX Error: Unicode character Êï∞ (U+6570)
               not set up for use with LaTeX.

See the LaTeX manual or LaTeX Companion for explanation.
Type  H <return>  for immediate help.
 ...                                              
                                                  
l.80 \section{Á∑öÂΩ¢‰ª£Êï∞
                          }
You may provide a definition with
\DeclareUnicodeCharacter 

/Users/kaoriarai/TeX-notes/main/main.tex:82: Undefined control sequence.
l.82 \section
             {Áæ§Ë´ñ}
The control sequence at the end of the top line
of your error message was never \def'ed. If you have
misspelled it (e.g., `\hobx'), type `I' and the correct
spelling (e.g., `I\hbox'). Otherwise just continue,
and I'll forget about whatever was undefined.


/Users/kaoriarai/TeX-notes/main/main.tex:82: LaTeX Error: Unicode character Áæ§ (U+7FA4)
               not set up for use with LaTeX.

See the LaTeX manual or LaTeX Companion for explanation.
Type  H <return>  for immediate help.
 ...                                              
                                                  
l.82 \section{Áæ§
                 Ë´ñ}
You may provide a definition with
\DeclareUnicodeCharacter 


/Users/kaoriarai/TeX-notes/main/main.tex:82: LaTeX Error: Unicode character Ë´ñ (U+8AD6)
               not set up for use with LaTeX.

See the LaTeX manual or LaTeX Companion for explanation.
Type  H <return>  for immediate help.
 ...                                              
                                                  
l.82 \section{Áæ§Ë´ñ
                    }
You may provide a definition with
\DeclareUnicodeCharacter 


/Users/kaoriarai/TeX-notes/main/main.tex:87: LaTeX Error: Command \bibname undefined.

See the LaTeX manual or LaTeX Companion for explanation.
Type  H <return>  for immediate help.
 ...                                              
                                                  
l.87 \renewcommand{\bibname}
                            {ÂèÇËÄÉÊñáÁåÆ}
Try typing  <return>  to proceed.
If that doesn't work, type  X <return>  to quit.


/Users/kaoriarai/TeX-notes/main/main.tex:88: LaTeX Error: Environment thebibliography undefined.

See the LaTeX manual or LaTeX Companion for explanation.
Type  H <return>  for immediate help.
 ...                                              
                                                  
l.88 \begin{thebibliography}
                            {99}
Your command was ignored.
Type  I <command> <return>  to replace it with another command,
or  <return>  to continue without it.


Overfull \vbox (180.71652pt too high) has occurred while \output is active []



/Users/kaoriarai/TeX-notes/main/main.tex:88: LaTeX Error: The font size command \normalsize is not defined:
               there is probably something wrong with the class file.

See the LaTeX manual or LaTeX Companion for explanation.
Type  H <return>  for immediate help.
 ...                                              
                                                  
l.88 \begin{thebibliography}{9
                              9}
Your command was ignored.
Type  I <command> <return>  to replace it with another command,
or  <return>  to continue without it.


/Users/kaoriarai/TeX-notes/main/main.tex:88: LaTeX Error: The font size command \normalsize is not defined:
               there is probably something wrong with the class file.

See the LaTeX manual or LaTeX Companion for explanation.
Type  H <return>  for immediate help.
 ...                                              
                                                  
l.88 \begin{thebibliography}{9
                              9}
Your command was ignored.
Type  I <command> <return>  to replace it with another command,
or  <return>  to continue without it.


Overfull \hbox (142.26376pt too wide) has occurred while \output is active
[]|  
 []


Overfull \hbox (142.26376pt too wide) has occurred while \output is active
 [] 
 []


/Users/kaoriarai/TeX-notes/main/main.tex:88: LaTeX Error: Unicode character „ÅÇ (U+3042)
               not set up for use with LaTeX.

See the LaTeX manual or LaTeX Companion for explanation.
Type  H <return>  for immediate help.
 ...                                              
                                                  
l.88 \begin{thebibliography}{9
                              9}
You may provide a definition with
\DeclareUnicodeCharacter 


/Users/kaoriarai/TeX-notes/main/main.tex:88: LaTeX Error: Unicode character „Åö (U+305A)
               not set up for use with LaTeX.

See the LaTeX manual or LaTeX Companion for explanation.
Type  H <return>  for immediate help.
 ...                                              
                                                  
l.88 \begin{thebibliography}{9
                              9}
You may provide a definition with
\DeclareUnicodeCharacter 


/Users/kaoriarai/TeX-notes/main/main.tex:88: LaTeX Error: Unicode character „Å≥ (U+3073)
               not set up for use with LaTeX.

See the LaTeX manual or LaTeX Companion for explanation.
Type  H <return>  for immediate help.
 ...                                              
                                                  
l.88 \begin{thebibliography}{9
                              9}
You may provide a definition with
\DeclareUnicodeCharacter 


/Users/kaoriarai/TeX-notes/main/main.tex:88: LaTeX Error: Unicode character „Çè (U+308F)
               not set up for use with LaTeX.

See the LaTeX manual or LaTeX Companion for explanation.
Type  H <return>  for immediate help.
 ...                                              
                                                  
l.88 \begin{thebibliography}{9
                              9}
You may provide a definition with
\DeclareUnicodeCharacter 


Overfull \hbox (142.26376pt too wide) has occurred while \output is active
 []|
 []


Package fancyhdr Warning: \headheight is too small (0.0pt): 
(fancyhdr)                Make it at least 15.0pt, for example:
(fancyhdr)                \setlength{\headheight}{15.0pt}.
(fancyhdr)                You might also make \topmargin smaller to compensate:
(fancyhdr)                \addtolength{\topmargin}{-15.0pt}.


Overfull \hbox (142.26376pt too wide) has occurred while \output is active
[]
 []


/Users/kaoriarai/TeX-notes/main/main.tex:88: LaTeX Error: The font size command \normalsize is not defined:
               there is probably something wrong with the class file.

See the LaTeX manual or LaTeX Companion for explanation.
Type  H <return>  for immediate help.
 ...                                              
                                                  
l.88 \begin{thebibliography}{9
                              9}
Your command was ignored.
Type  I <command> <return>  to replace it with another command,
or  <return>  to continue without it.


Overfull \hbox (142.26376pt too wide) has occurred while \output is active
[]  
 []

/Users/kaoriarai/TeX-notes/main/main.tex:88: Undefined control sequence.
\f@nch@ocf ->\thepage 
                      \strut 
l.88 \begin{thebibliography}{9
                              9}
The control sequence at the end of the top line
of your error message was never \def'ed. If you have
misspelled it (e.g., `\hobx'), type `I' and the correct
spelling (e.g., `I\hbox'). Otherwise just continue,
and I'll forget about whatever was undefined.


Overfull \hbox (142.26376pt too wide) has occurred while \output is active
 []| 
 []


Overfull \hbox (142.26376pt too wide) has occurred while \output is active
 []
 []


Package fancyhdr Warning: \footskip is too small (0.0pt): 
(fancyhdr)                Make it at least 15.0pt, for example:
(fancyhdr)                \setlength{\footskip}{15.0pt}.


Overfull \hbox (142.26376pt too wide) has occurred while \output is active
[]
 []

[6
Non-PDF special ignored!
<special> color push gray 0
Non-PDF special ignored!
<special> color pop
/Users/kaoriarai/TeX-notes/main/main.tex:88: Undefined control sequence.
<write> ...sline {chapter}{ÂèÇËÄÉÊñáÁåÆ}{\thepage 
                                                  }{}\protected@file@percent }
l.88 \begin{thebibliography}{9
                              9}
The control sequence at the end of the top line
of your error message was never \def'ed. If you have
misspelled it (e.g., `\hobx'), type `I' and the correct
spelling (e.g., `I\hbox'). Otherwise just continue,
and I'll forget about whatever was undefined.

Non-PDF special ignored!
<special> color push gray 0
Non-PDF special ignored!
<special> color pop
]

/Users/kaoriarai/TeX-notes/main/main.tex:89: LaTeX Error: \begin{document} ended by \end{thebibliography}.

See the LaTeX manual or LaTeX Companion for explanation.
Type  H <return>  for immediate help.
 ...                                              
                                                  
l.89 \end{thebibliography}
                          
Your command was ignored.
Type  I <command> <return>  to replace it with another command,
or  <return>  to continue without it.


/Users/kaoriarai/TeX-notes/main/main.tex:90: LaTeX Error: Unicode character Â±± (U+5C71)
               not set up for use with LaTeX.

See the LaTeX manual or LaTeX Companion for explanation.
Type  H <return>  for immediate help.
 ...                                              
                                                  
l.90 Â±±
        Áî∞„Åü„Çç„ÅÜ
You may provide a definition with
\DeclareUnicodeCharacter 


/Users/kaoriarai/TeX-notes/main/main.tex:90: LaTeX Error: Unicode character Áî∞ (U+7530)
               not set up for use with LaTeX.

See the LaTeX manual or LaTeX Companion for explanation.
Type  H <return>  for immediate help.
 ...                                              
                                                  
l.90 Â±±Áî∞
           „Åü„Çç„ÅÜ
You may provide a definition with
\DeclareUnicodeCharacter 


/Users/kaoriarai/TeX-notes/main/main.tex:90: LaTeX Error: Unicode character „Åü (U+305F)
               not set up for use with LaTeX.

See the LaTeX manual or LaTeX Companion for explanation.
Type  H <return>  for immediate help.
 ...                                              
                                                  
l.90 Â±±Áî∞„Åü
              „Çç„ÅÜ
You may provide a definition with
\DeclareUnicodeCharacter 


/Users/kaoriarai/TeX-notes/main/main.tex:90: LaTeX Error: Unicode character „Çç (U+308D)
               not set up for use with LaTeX.

See the LaTeX manual or LaTeX Companion for explanation.
Type  H <return>  for immediate help.
 ...                                              
                                                  
l.90 Â±±Áî∞„Åü„Çç
                 „ÅÜ
You may provide a definition with
\DeclareUnicodeCharacter 


/Users/kaoriarai/TeX-notes/main/main.tex:90: LaTeX Error: Unicode character „ÅÜ (U+3046)
               not set up for use with LaTeX.

See the LaTeX manual or LaTeX Companion for explanation.
Type  H <return>  for immediate help.
 ...                                              
                                                  
l.90 Â±±Áî∞„Åü„Çç„ÅÜ
                    
You may provide a definition with
\DeclareUnicodeCharacter 


Overfull \hbox (172.2638pt too wide) in paragraph at lines 88--91
[]\OT1/cmr/m/n/10 99
 []


Overfull \hbox (142.26376pt too wide) in paragraph at lines 88--91

 []


Overfull \vbox (180.71652pt too high) has occurred while \output is active []



/Users/kaoriarai/TeX-notes/main/main.tex:91: LaTeX Error: The font size command \normalsize is not defined:
               there is probably something wrong with the class file.

See the LaTeX manual or LaTeX Companion for explanation.
Type  H <return>  for immediate help.
 ...                                              
                                                  
l.91 
     
Your command was ignored.
Type  I <command> <return>  to replace it with another command,
or  <return>  to continue without it.


/Users/kaoriarai/TeX-notes/main/main.tex:91: LaTeX Error: The font size command \normalsize is not defined:
               there is probably something wrong with the class file.

See the LaTeX manual or LaTeX Companion for explanation.
Type  H <return>  for immediate help.
 ...                                              
                                                  
l.91 
     
Your command was ignored.
Type  I <command> <return>  to replace it with another command,
or  <return>  to continue without it.


Overfull \hbox (142.26376pt too wide) has occurred while \output is active
[]|  
 []


Overfull \hbox (142.26376pt too wide) has occurred while \output is active
 [] 
 []


/Users/kaoriarai/TeX-notes/main/main.tex:91: LaTeX Error: Unicode character „ÅÇ (U+3042)
               not set up for use with LaTeX.

See the LaTeX manual or LaTeX Companion for explanation.
Type  H <return>  for immediate help.
 ...                                              
                                                  
l.91 
     
You may provide a definition with
\DeclareUnicodeCharacter 


/Users/kaoriarai/TeX-notes/main/main.tex:91: LaTeX Error: Unicode character „Åö (U+305A)
               not set up for use with LaTeX.

See the LaTeX manual or LaTeX Companion for explanation.
Type  H <return>  for immediate help.
 ...                                              
                                                  
l.91 
     
You may provide a definition with
\DeclareUnicodeCharacter 


/Users/kaoriarai/TeX-notes/main/main.tex:91: LaTeX Error: Unicode character „Å≥ (U+3073)
               not set up for use with LaTeX.

See the LaTeX manual or LaTeX Companion for explanation.
Type  H <return>  for immediate help.
 ...                                              
                                                  
l.91 
     
You may provide a definition with
\DeclareUnicodeCharacter 


/Users/kaoriarai/TeX-notes/main/main.tex:91: LaTeX Error: Unicode character „Çè (U+308F)
               not set up for use with LaTeX.

See the LaTeX manual or LaTeX Companion for explanation.
Type  H <return>  for immediate help.
 ...                                              
                                                  
l.91 
     
You may provide a definition with
\DeclareUnicodeCharacter 


Overfull \hbox (142.26376pt too wide) has occurred while \output is active
 []|
 []


Package fancyhdr Warning: \headheight is too small (0.0pt): 
(fancyhdr)                Make it at least 15.0pt, for example:
(fancyhdr)                \setlength{\headheight}{15.0pt}.
(fancyhdr)                You might also make \topmargin smaller to compensate:
(fancyhdr)                \addtolength{\topmargin}{-15.0pt}.


Overfull \hbox (142.26376pt too wide) has occurred while \output is active
[]
 []


/Users/kaoriarai/TeX-notes/main/main.tex:91: LaTeX Error: The font size command \normalsize is not defined:
               there is probably something wrong with the class file.

See the LaTeX manual or LaTeX Companion for explanation.
Type  H <return>  for immediate help.
 ...                                              
                                                  
l.91 
     
Your command was ignored.
Type  I <command> <return>  to replace it with another command,
or  <return>  to continue without it.


Overfull \hbox (142.26376pt too wide) has occurred while \output is active
[]  
 []

/Users/kaoriarai/TeX-notes/main/main.tex:91: Undefined control sequence.
\f@nch@ocf ->\thepage 
                      \strut 
l.91 
     
The control sequence at the end of the top line
of your error message was never \def'ed. If you have
misspelled it (e.g., `\hobx'), type `I' and the correct
spelling (e.g., `I\hbox'). Otherwise just continue,
and I'll forget about whatever was undefined.


Overfull \hbox (142.26376pt too wide) has occurred while \output is active
 []| 
 []


Overfull \hbox (142.26376pt too wide) has occurred while \output is active
 []
 []


Package fancyhdr Warning: \footskip is too small (0.0pt): 
(fancyhdr)                Make it at least 15.0pt, for example:
(fancyhdr)                \setlength{\footskip}{15.0pt}.


Overfull \hbox (142.26376pt too wide) has occurred while \output is active
[]
 []

[7
Non-PDF special ignored!
<special> color push gray 0
Non-PDF special ignored!
<special> color pop
Non-PDF special ignored!
<special> color push gray 0
Non-PDF special ignored!
<special> color pop
]
Overfull \vbox (180.71652pt too high) has occurred while \output is active []



/Users/kaoriarai/TeX-notes/main/main.tex:92: LaTeX Error: The font size command \normalsize is not defined:
               there is probably something wrong with the class file.

See the LaTeX manual or LaTeX Companion for explanation.
Type  H <return>  for immediate help.
 ...                                              
                                                  
l.92 \end{document}
                   
Your command was ignored.
Type  I <command> <return>  to replace it with another command,
or  <return>  to continue without it.


/Users/kaoriarai/TeX-notes/main/main.tex:92: LaTeX Error: The font size command \normalsize is not defined:
               there is probably something wrong with the class file.

See the LaTeX manual or LaTeX Companion for explanation.
Type  H <return>  for immediate help.
 ...                                              
                                                  
l.92 \end{document}
                   
Your command was ignored.
Type  I <command> <return>  to replace it with another command,
or  <return>  to continue without it.


Overfull \hbox (142.26376pt too wide) has occurred while \output is active
[]|  
 []


Overfull \hbox (142.26376pt too wide) has occurred while \output is active
 [] 
 []


/Users/kaoriarai/TeX-notes/main/main.tex:92: LaTeX Error: Unicode character „ÅÇ (U+3042)
               not set up for use with LaTeX.

See the LaTeX manual or LaTeX Companion for explanation.
Type  H <return>  for immediate help.
 ...                                              
                                                  
l.92 \end{document}
                   
You may provide a definition with
\DeclareUnicodeCharacter 


/Users/kaoriarai/TeX-notes/main/main.tex:92: LaTeX Error: Unicode character „Åö (U+305A)
               not set up for use with LaTeX.

See the LaTeX manual or LaTeX Companion for explanation.
Type  H <return>  for immediate help.
 ...                                              
                                                  
l.92 \end{document}
                   
You may provide a definition with
\DeclareUnicodeCharacter 


/Users/kaoriarai/TeX-notes/main/main.tex:92: LaTeX Error: Unicode character „Å≥ (U+3073)
               not set up for use with LaTeX.

See the LaTeX manual or LaTeX Companion for explanation.
Type  H <return>  for immediate help.
 ...                                              
                                                  
l.92 \end{document}
                   
You may provide a definition with
\DeclareUnicodeCharacter 


/Users/kaoriarai/TeX-notes/main/main.tex:92: LaTeX Error: Unicode character „Çè (U+308F)
               not set up for use with LaTeX.

See the LaTeX manual or LaTeX Companion for explanation.
Type  H <return>  for immediate help.
 ...                                              
                                                  
l.92 \end{document}
                   
You may provide a definition with
\DeclareUnicodeCharacter 


Overfull \hbox (142.26376pt too wide) has occurred while \output is active
 []|
 []


Package fancyhdr Warning: \headheight is too small (0.0pt): 
(fancyhdr)                Make it at least 15.0pt, for example:
(fancyhdr)                \setlength{\headheight}{15.0pt}.
(fancyhdr)                You might also make \topmargin smaller to compensate:
(fancyhdr)                \addtolength{\topmargin}{-15.0pt}.


Overfull \hbox (142.26376pt too wide) has occurred while \output is active
[]
 []


/Users/kaoriarai/TeX-notes/main/main.tex:92: LaTeX Error: The font size command \normalsize is not defined:
               there is probably something wrong with the class file.

See the LaTeX manual or LaTeX Companion for explanation.
Type  H <return>  for immediate help.
 ...                                              
                                                  
l.92 \end{document}
                   
Your command was ignored.
Type  I <command> <return>  to replace it with another command,
or  <return>  to continue without it.


Overfull \hbox (142.26376pt too wide) has occurred while \output is active
[]  
 []

/Users/kaoriarai/TeX-notes/main/main.tex:92: Undefined control sequence.
\f@nch@ocf ->\thepage 
                      \strut 
l.92 \end{document}
                   
The control sequence at the end of the top line
of your error message was never \def'ed. If you have
misspelled it (e.g., `\hobx'), type `I' and the correct
spelling (e.g., `I\hbox'). Otherwise just continue,
and I'll forget about whatever was undefined.


Overfull \hbox (142.26376pt too wide) has occurred while \output is active
 []| 
 []


Overfull \hbox (142.26376pt too wide) has occurred while \output is active
 []
 []


Package fancyhdr Warning: \footskip is too small (0.0pt): 
(fancyhdr)                Make it at least 15.0pt, for example:
(fancyhdr)                \setlength{\footskip}{15.0pt}.


Overfull \hbox (142.26376pt too wide) has occurred while \output is active
[]
 []

[8
Non-PDF special ignored!
<special> color push gray 0
Non-PDF special ignored!
<special> color pop
Non-PDF special ignored!
<special> color push gray 0
Non-PDF special ignored!
<special> color pop
]
Overfull \vbox (170.71652pt too high) has occurred while \output is active []



/Users/kaoriarai/TeX-notes/main/main.tex:92: LaTeX Error: The font size command \normalsize is not defined:
               there is probably something wrong with the class file.

See the LaTeX manual or LaTeX Companion for explanation.
Type  H <return>  for immediate help.
 ...                                              
                                                  
l.92 \end{document}
                   
Your command was ignored.
Type  I <command> <return>  to replace it with another command,
or  <return>  to continue without it.


/Users/kaoriarai/TeX-notes/main/main.tex:92: LaTeX Error: The font size command \normalsize is not defined:
               there is probably something wrong with the class file.

See the LaTeX manual or LaTeX Companion for explanation.
Type  H <return>  for immediate help.
 ...                                              
                                                  
l.92 \end{document}
                   
Your command was ignored.
Type  I <command> <return>  to replace it with another command,
or  <return>  to continue without it.


Overfull \hbox (142.26376pt too wide) has occurred while \output is active
[]|  
 []


Overfull \hbox (142.26376pt too wide) has occurred while \output is active
 [] 
 []


/Users/kaoriarai/TeX-notes/main/main.tex:92: LaTeX Error: Unicode character „ÅÇ (U+3042)
               not set up for use with LaTeX.

See the LaTeX manual or LaTeX Companion for explanation.
Type  H <return>  for immediate help.
 ...                                              
                                                  
l.92 \end{document}
                   
You may provide a definition with
\DeclareUnicodeCharacter 


/Users/kaoriarai/TeX-notes/main/main.tex:92: LaTeX Error: Unicode character „Åö (U+305A)
               not set up for use with LaTeX.

See the LaTeX manual or LaTeX Companion for explanation.
Type  H <return>  for immediate help.
 ...                                              
                                                  
l.92 \end{document}
                   
You may provide a definition with
\DeclareUnicodeCharacter 


/Users/kaoriarai/TeX-notes/main/main.tex:92: LaTeX Error: Unicode character „Å≥ (U+3073)
               not set up for use with LaTeX.

See the LaTeX manual or LaTeX Companion for explanation.
Type  H <return>  for immediate help.
 ...                                              
                                                  
l.92 \end{document}
                   
You may provide a definition with
\DeclareUnicodeCharacter 


/Users/kaoriarai/TeX-notes/main/main.tex:92: LaTeX Error: Unicode character „Çè (U+308F)
               not set up for use with LaTeX.

See the LaTeX manual or LaTeX Companion for explanation.
Type  H <return>  for immediate help.
 ...                                              
                                                  
l.92 \end{document}
                   
You may provide a definition with
\DeclareUnicodeCharacter 


Overfull \hbox (142.26376pt too wide) has occurred while \output is active
 []|
 []


Package fancyhdr Warning: \headheight is too small (0.0pt): 
(fancyhdr)                Make it at least 15.0pt, for example:
(fancyhdr)                \setlength{\headheight}{15.0pt}.
(fancyhdr)                You might also make \topmargin smaller to compensate:
(fancyhdr)                \addtolength{\topmargin}{-15.0pt}.


Overfull \hbox (142.26376pt too wide) has occurred while \output is active
[]
 []


/Users/kaoriarai/TeX-notes/main/main.tex:92: LaTeX Error: The font size command \normalsize is not defined:
               there is probably something wrong with the class file.

See the LaTeX manual or LaTeX Companion for explanation.
Type  H <return>  for immediate help.
 ...                                              
                                                  
l.92 \end{document}
                   
Your command was ignored.
Type  I <command> <return>  to replace it with another command,
or  <return>  to continue without it.


Overfull \hbox (142.26376pt too wide) has occurred while \output is active
[]  
 []

/Users/kaoriarai/TeX-notes/main/main.tex:92: Undefined control sequence.
\f@nch@ocf ->\thepage 
                      \strut 
l.92 \end{document}
                   
The control sequence at the end of the top line
of your error message was never \def'ed. If you have
misspelled it (e.g., `\hobx'), type `I' and the correct
spelling (e.g., `I\hbox'). Otherwise just continue,
and I'll forget about whatever was undefined.


Overfull \hbox (142.26376pt too wide) has occurred while \output is active
 []| 
 []


Overfull \hbox (142.26376pt too wide) has occurred while \output is active
 []
 []


Package fancyhdr Warning: \footskip is too small (0.0pt): 
(fancyhdr)                Make it at least 15.0pt, for example:
(fancyhdr)                \setlength{\footskip}{15.0pt}.


Overfull \hbox (142.26376pt too wide) has occurred while \output is active
[]
 []

[9
Non-PDF special ignored!
<special> color push gray 0
Non-PDF special ignored!
<special> color pop

Non-PDF special ignored!
<special> color push gray 0
Non-PDF special ignored!
<special> color pop
]
Overfull \vbox (10.0pt too high) has occurred while \output is active []

 (./main.aux)
Overfull \vbox (180.71652pt too high) has occurred while \output is active []



/Users/kaoriarai/TeX-notes/main/main.tex:92: LaTeX Error: The font size command \normalsize is not defined:
               there is probably something wrong with the class file.

See the LaTeX manual or LaTeX Companion for explanation.
Type  H <return>  for immediate help.
 ...                                              
                                                  
l.92 \end{document}
                   
Your command was ignored.
Type  I <command> <return>  to replace it with another command,
or  <return>  to continue without it.


/Users/kaoriarai/TeX-notes/main/main.tex:92: LaTeX Error: The font size command \normalsize is not defined:
               there is probably something wrong with the class file.

See the LaTeX manual or LaTeX Companion for explanation.
Type  H <return>  for immediate help.
 ...                                              
                                                  
l.92 \end{document}
                   
Your command was ignored.
Type  I <command> <return>  to replace it with another command,
or  <return>  to continue without it.


Overfull \hbox (142.26376pt too wide) has occurred while \output is active
[]|  
 []


Overfull \hbox (142.26376pt too wide) has occurred while \output is active
 [] 
 []


/Users/kaoriarai/TeX-notes/main/main.tex:92: LaTeX Error: Unicode character „ÅÇ (U+3042)
               not set up for use with LaTeX.

See the LaTeX manual or LaTeX Companion for explanation.
Type  H <return>  for immediate help.
 ...                                              
                                                  
l.92 \end{document}
                   
You may provide a definition with
\DeclareUnicodeCharacter 


/Users/kaoriarai/TeX-notes/main/main.tex:92: LaTeX Error: Unicode character „Åö (U+305A)
               not set up for use with LaTeX.

See the LaTeX manual or LaTeX Companion for explanation.
Type  H <return>  for immediate help.
 ...                                              
                                                  
l.92 \end{document}
                   
You may provide a definition with
\DeclareUnicodeCharacter 


/Users/kaoriarai/TeX-notes/main/main.tex:92: LaTeX Error: Unicode character „Å≥ (U+3073)
               not set up for use with LaTeX.

See the LaTeX manual or LaTeX Companion for explanation.
Type  H <return>  for immediate help.
 ...                                              
                                                  
l.92 \end{document}
                   
You may provide a definition with
\DeclareUnicodeCharacter 


/Users/kaoriarai/TeX-notes/main/main.tex:92: LaTeX Error: Unicode character „Çè (U+308F)
               not set up for use with LaTeX.

See the LaTeX manual or LaTeX Companion for explanation.
Type  H <return>  for immediate help.
 ...                                              
                                                  
l.92 \end{document}
                   
You may provide a definition with
\DeclareUnicodeCharacter 


Overfull \hbox (142.26376pt too wide) has occurred while \output is active
 []|
 []


Package fancyhdr Warning: \headheight is too small (0.0pt): 
(fancyhdr)                Make it at least 15.0pt, for example:
(fancyhdr)                \setlength{\headheight}{15.0pt}.
(fancyhdr)                You might also make \topmargin smaller to compensate:
(fancyhdr)                \addtolength{\topmargin}{-15.0pt}.


Overfull \hbox (142.26376pt too wide) has occurred while \output is active
[]
 []


/Users/kaoriarai/TeX-notes/main/main.tex:92: LaTeX Error: The font size command \normalsize is not defined:
               there is probably something wrong with the class file.

See the LaTeX manual or LaTeX Companion for explanation.
Type  H <return>  for immediate help.
 ...                                              
                                                  
l.92 \end{document}
                   
Your command was ignored.
Type  I <command> <return>  to replace it with another command,
or  <return>  to continue without it.


Overfull \hbox (142.26376pt too wide) has occurred while \output is active
[]  
 []

/Users/kaoriarai/TeX-notes/main/main.tex:92: Undefined control sequence.
\f@nch@ocf ->\thepage 
                      \strut 
l.92 \end{document}
                   
The control sequence at the end of the top line
of your error message was never \def'ed. If you have
misspelled it (e.g., `\hobx'), type `I' and the correct
spelling (e.g., `I\hbox'). Otherwise just continue,
and I'll forget about whatever was undefined.


Overfull \hbox (142.26376pt too wide) has occurred while \output is active
 []| 
 []


Overfull \hbox (142.26376pt too wide) has occurred while \output is active
 []
 []


Package fancyhdr Warning: \footskip is too small (0.0pt): 
(fancyhdr)                Make it at least 15.0pt, for example:
(fancyhdr)                \setlength{\footskip}{15.0pt}.


Overfull \hbox (142.26376pt too wide) has occurred while \output is active
[]
 []

[10
Non-PDF special ignored!
<special> color push gray 0
Non-PDF special ignored!
<special> color pop
Non-PDF special ignored!
<special> color push gray 0
Non-PDF special ignored!
<special> color pop
] ) 
Here is how much of TeX's memory you used:
 5058 strings out of 476025
 77688 string characters out of 5790016
 1850388 words of memory out of 5000000
 25433 multiletter control sequences out of 15000+600000
 513054 words of font info for 35 fonts, out of 8000000 for 9000
 1141 hyphenation exceptions out of 8191
 57i,13n,62p,256b,269s stack positions out of 10000i,1000n,20000p,200000b,200000s
</usr/local/texlive/2023/texmf-dist/fonts/type1/public/amsfonts/cm/cmr10.pfb>
Output written on main.pdf (10 pages, 13540 bytes).
PDF statistics:
 42 PDF objects out of 1000 (max. 8388607)
 27 compressed objects within 1 object stream
 0 named destinations out of 1000 (max. 500000)
 1 words of extra memory for PDF output out of 10000 (max. 10000000)

